[main] INFO  com.yash.ytcvm.serviceimpl.OrderServiceImpl  - processOrder started
[main] ERROR com.yash.ytcvm.serviceimpl.OrderServiceImpl  - Order is null
[main] INFO  com.yash.ytcvm.serviceimpl.OrderServiceImpl  - processOrder started
[main] ERROR com.yash.ytcvm.serviceimpl.OrderServiceImpl  - Order is null
[main] INFO  com.yash.ytcvm.util.FileUtil  - readJsonFile started
[main] INFO  com.yash.ytcvm.util.FileUtil  - readJsonFile started
[main] INFO  com.yash.ytcvm.util.FileUtil  - readJsonFile started
[main] INFO  com.yash.ytcvm.util.FileUtil  - readJsonFile started
[main] INFO  com.yash.ytcvm.util.FileUtil  - readJsonFile started
[main] INFO  com.yash.ytcvm.util.FileUtil  - readJsonFile started
[main] INFO  com.yash.ytcvm.util.FileUtil  - readJsonFile ends
[main] INFO  com.yash.ytcvm.util.FileUtil  - readJsonFile started
[main] INFO  com.yash.ytcvm.util.FileUtil  - readJsonFile started
[main] INFO  com.yash.ytcvm.util.FileUtil  - readJsonFile started
[main] INFO  com.yash.ytcvm.util.FileUtil  - readJsonFile started
[main] INFO  com.yash.ytcvm.util.FileUtil  - readJsonFile ends
[main] INFO  com.yash.ytcvm.util.FileUtil  - readJsonFile started
[main] INFO  com.yash.ytcvm.util.FileUtil  - readJsonFile started
[main] INFO  com.yash.ytcvm.util.FileUtil  - getPropertiesFromFile started
[main] INFO  com.yash.ytcvm.util.FileUtil  - readJsonFile started
[main] INFO  com.yash.ytcvm.util.FileUtil  - readJsonFile started
[main] INFO  com.yash.ytcvm.util.FileUtil  - readJsonFile ends
[main] INFO  com.yash.ytcvm.util.FileUtil  - getPropertiesFromFile started
[main] INFO  com.yash.ytcvm.util.FileUtil  - getPropertiesFromFile started
[main] INFO  com.yash.ytcvm.util.FileUtil  - readJsonFile started
[main] INFO  com.yash.ytcvm.util.FileUtil  - readJsonFile started
[main] INFO  com.yash.ytcvm.util.FileUtil  - readJsonFile started
[main] INFO  com.yash.ytcvm.util.FileUtil  - readJsonFile ends
[main] INFO  com.yash.ytcvm.util.FileUtil  - getPropertiesFromFile started
[main] INFO  com.yash.ytcvm.util.FileUtil  - getPropertiesFromFile started
[main] INFO  com.yash.ytcvm.util.FileUtil  - readJsonFile started
[main] INFO  com.yash.ytcvm.util.FileUtil  - getPropertiesFromFile started
[main] INFO  com.yash.ytcvm.util.FileUtil  - getPropertiesFromFile started
[main] INFO  com.yash.ytcvm.util.FileUtil  - getPropertiesFromFile started
[main] INFO  com.yash.ytcvm.util.FileUtil  - getPropertiesFromFile ends
[main] INFO  com.yash.ytcvm.util.FileUtil  - getPropertiesFromFile ended
[main] INFO  com.yash.ytcvm.util.FileUtil  - getPropertiesFromFile started
[main] INFO  com.yash.ytcvm.util.FileUtil  - getPropertiesFromFile ends
[main] INFO  com.yash.ytcvm.util.FileUtil  - getPropertiesFromFile ended
[main] INFO  com.yash.ytcvm.util.FileUtil  - getPropertiesFromFile started
[main] INFO  com.yash.ytcvm.util.FileUtil  - getPropertiesFromFile ends
[main] INFO  com.yash.ytcvm.util.FileUtil  - getPropertiesFromFile ended
[main] INFO  com.yash.ytcvm.util.FileUtil  - getPropertiesFromFile started
[main] INFO  com.yash.ytcvm.util.FileUtil  - getPropertiesFromFile started
[main] INFO  com.yash.ytcvm.util.FileUtil  - getPropertiesFromFile ends
[main] INFO  com.yash.ytcvm.util.FileUtil  - getPropertiesFromFile ended
[main] INFO  com.yash.ytcvm.util.FileUtil  - getPropertiesFromFile started
[main] INFO  com.yash.ytcvm.util.FileUtil  - getPropertiesFromFile ends
[main] INFO  com.yash.ytcvm.util.FileUtil  - getPropertiesFromFile ended
[main] INFO  com.yash.ytcvm.util.FileUtil  - getPropertiesFromFile started
[main] INFO  com.yash.ytcvm.util.FileUtil  - getPropertiesFromFile ends
[main] INFO  com.yash.ytcvm.util.FileUtil  - getPropertiesFromFile ended
[main] INFO  com.yash.ytcvm.util.FileUtil  - getPropertiesFromFile started
[main] INFO  com.yash.ytcvm.util.FileUtil  - getPropertiesFromFile ends
[main] INFO  com.yash.ytcvm.util.FileUtil  - getPropertiesFromFile ended
[main] INFO  com.yash.ytcvm.util.FileUtil  - readJsonFile started
[main] INFO  com.yash.ytcvm.util.FileUtil  - getPropertiesFromFile started
[main] INFO  com.yash.ytcvm.util.FileUtil  - readJsonFile started
[main] INFO  com.yash.ytcvm.util.FileUtil  - readJsonFile ends
[main] INFO  com.yash.ytcvm.util.FileUtil  - getPropertiesFromFile started
[main] INFO  com.yash.ytcvm.util.FileUtil  - readJsonFile started
[main] INFO  com.yash.ytcvm.util.FileUtil  - getPropertiesFromFile started
[main] INFO  com.yash.ytcvm.util.FileUtil  - getPropertiesFromFile ends
[main] INFO  com.yash.ytcvm.util.FileUtil  - getPropertiesFromFile ended
[main] INFO  com.yash.ytcvm.serviceimpl.OrderServiceImpl  - processOrder started
[main] INFO  com.yash.ytcvm.serviceimpl.OrderServiceImpl  - processOrder ends
[main] INFO  com.yash.ytcvm.util.FileHelper  - getPropertiesFromFile started
[main] INFO  com.yash.ytcvm.util.FileHelper  - getPropertiesFromFile ends
[main] INFO  com.yash.ytcvm.util.FileHelper  - getPropertiesFromFile ended
[main] INFO  com.yash.ytcvm.serviceimpl.OrderServiceImpl  - processOrder started
[main] INFO  com.yash.ytcvm.serviceimpl.OrderServiceImpl  - processOrder ends
[main] INFO  com.yash.ytcvm.util.FileHelper  - getPropertiesFromFile started
[main] INFO  com.yash.ytcvm.util.FileHelper  - getPropertiesFromFile ends
[main] INFO  com.yash.ytcvm.util.FileHelper  - getPropertiesFromFile ended
[main] INFO  com.yash.ytcvm.serviceimpl.OrderServiceImpl  - processOrder started
[main] INFO  com.yash.ytcvm.serviceimpl.OrderServiceImpl  - processOrder ends
[main] INFO  com.yash.ytcvm.util.FileHelper  - getPropertiesFromFile started
[main] INFO  com.yash.ytcvm.util.FileHelper  - getPropertiesFromFile ends
[main] INFO  com.yash.ytcvm.util.FileHelper  - getPropertiesFromFile ended
[main] INFO  com.yash.ytcvm.serviceimpl.OrderServiceImpl  - processOrder started
[main] INFO  com.yash.ytcvm.serviceimpl.OrderServiceImpl  - processOrder ends
[main] INFO  com.yash.ytcvm.util.FileHelper  - getPropertiesFromFile started
[main] INFO  com.yash.ytcvm.util.FileHelper  - getPropertiesFromFile ends
[main] INFO  com.yash.ytcvm.util.FileHelper  - getPropertiesFromFile ended
[main] INFO  com.yash.ytcvm.serviceimpl.OrderServiceImpl  - processOrder started
[main] INFO  com.yash.ytcvm.serviceimpl.OrderServiceImpl  - processOrder ends
[main] INFO  com.yash.ytcvm.serviceimpl.OrderServiceImpl  - processOrder started
[main] INFO  com.yash.ytcvm.serviceimpl.OrderServiceImpl  - processOrder ends
[main] INFO  com.yash.ytcvm.util.FileHelper  - getPropertiesFromFile started
[main] INFO  com.yash.ytcvm.util.FileHelper  - getPropertiesFromFile ends
[main] INFO  com.yash.ytcvm.util.FileHelper  - getPropertiesFromFile ended
[main] INFO  com.yash.ytcvm.serviceimpl.OrderServiceImpl  - processOrder started
[main] INFO  com.yash.ytcvm.serviceimpl.OrderServiceImpl  - processOrder ends
[main] INFO  com.yash.ytcvm.util.FileHelper  - getPropertiesFromFile started
[main] INFO  com.yash.ytcvm.util.FileHelper  - getPropertiesFromFile ends
[main] INFO  com.yash.ytcvm.util.FileHelper  - getPropertiesFromFile ended
[main] INFO  com.yash.ytcvm.serviceimpl.OrderServiceImpl  - processOrder started
[main] INFO  com.yash.ytcvm.serviceimpl.OrderServiceImpl  - processOrder ends
[main] INFO  com.yash.ytcvm.serviceimpl.OrderServiceImpl  - processOrder started
[main] INFO  com.yash.ytcvm.serviceimpl.OrderServiceImpl  - processOrder ends
[main] INFO  com.yash.ytcvm.util.FileHelper  - getPropertiesFromFile started
[main] INFO  com.yash.ytcvm.util.FileHelper  - getPropertiesFromFile ends
[main] INFO  com.yash.ytcvm.util.FileHelper  - getPropertiesFromFile ended
[main] INFO  com.yash.ytcvm.serviceimpl.OrderServiceImpl  - processOrder started
[main] INFO  com.yash.ytcvm.serviceimpl.OrderServiceImpl  - processOrder ends
[main] INFO  com.yash.ytcvm.util.FileHelper  - getPropertiesFromFile started
[main] INFO  com.yash.ytcvm.util.FileHelper  - getPropertiesFromFile ends
[main] INFO  com.yash.ytcvm.util.FileHelper  - getPropertiesFromFile ended
[main] INFO  com.yash.ytcvm.serviceimpl.OrderServiceImpl  - processOrder started
[main] INFO  com.yash.ytcvm.serviceimpl.OrderServiceImpl  - processOrder ends
[main] INFO  com.yash.ytcvm.util.FileHelper  - getPropertiesFromFile started
[main] INFO  com.yash.ytcvm.util.FileHelper  - getPropertiesFromFile ends
[main] INFO  com.yash.ytcvm.util.FileHelper  - getPropertiesFromFile ended
[main] INFO  com.yash.ytcvm.serviceimpl.OrderServiceImpl  - processOrder started
[main] INFO  com.yash.ytcvm.serviceimpl.OrderServiceImpl  - processOrder ends
[main] INFO  com.yash.ytcvm.util.FileHelper  - getPropertiesFromFile started
[main] INFO  com.yash.ytcvm.util.FileHelper  - getPropertiesFromFile ends
[main] INFO  com.yash.ytcvm.util.FileHelper  - getPropertiesFromFile ended
[main] INFO  com.yash.ytcvm.serviceimpl.OrderServiceImpl  - processOrder started
[main] ERROR com.yash.ytcvm.serviceimpl.OrderServiceImpl  - Order is null
[main] INFO  com.yash.ytcvm.serviceimpl.OrderServiceImpl  - processOrder started
[main] INFO  com.yash.ytcvm.serviceimpl.OrderServiceImpl  - processOrder ends
[main] INFO  com.yash.ytcvm.util.FileHelper  - getPropertiesFromFile started
[main] INFO  com.yash.ytcvm.util.FileHelper  - getPropertiesFromFile ends
[main] INFO  com.yash.ytcvm.util.FileHelper  - getPropertiesFromFile ended
[main] INFO  com.yash.ytcvm.serviceimpl.OrderServiceImpl  - processOrder started
[main] INFO  com.yash.ytcvm.serviceimpl.OrderServiceImpl  - processOrder ends
[main] INFO  com.yash.ytcvm.util.FileHelper  - getPropertiesFromFile started
[main] INFO  com.yash.ytcvm.util.FileHelper  - getPropertiesFromFile ends
[main] INFO  com.yash.ytcvm.util.FileHelper  - getPropertiesFromFile ended
[main] INFO  com.yash.ytcvm.serviceimpl.OrderServiceImpl  - processOrder started
[main] INFO  com.yash.ytcvm.util.FileHelper  - getPropertiesFromFile started
[main] INFO  com.yash.ytcvm.util.FileHelper  - getPropertiesFromFile ends
[main] INFO  com.yash.ytcvm.util.FileHelper  - getPropertiesFromFile ended
[main] INFO  com.yash.ytcvm.serviceimpl.OrderServiceImpl  - processOrder ends
[main] INFO  com.yash.ytcvm.serviceimpl.OrderServiceImpl  - processOrder started
[main] INFO  com.yash.ytcvm.util.FileHelper  - getPropertiesFromFile started
[main] INFO  com.yash.ytcvm.util.FileHelper  - getPropertiesFromFile ends
[main] INFO  com.yash.ytcvm.util.FileHelper  - getPropertiesFromFile ended
[main] INFO  com.yash.ytcvm.serviceimpl.OrderServiceImpl  - processOrder ends
[main] INFO  com.yash.ytcvm.serviceimpl.OrderServiceImpl  - processOrder started
[main] INFO  com.yash.ytcvm.util.FileHelper  - getPropertiesFromFile started
[main] INFO  com.yash.ytcvm.util.FileHelper  - getPropertiesFromFile ends
[main] INFO  com.yash.ytcvm.util.FileHelper  - getPropertiesFromFile ended
[main] INFO  com.yash.ytcvm.serviceimpl.OrderServiceImpl  - processOrder ends
[main] INFO  com.yash.ytcvm.serviceimpl.OrderServiceImpl  - processOrder started
[main] INFO  com.yash.ytcvm.util.FileHelper  - getPropertiesFromFile started
[main] INFO  com.yash.ytcvm.util.FileHelper  - getPropertiesFromFile ends
[main] INFO  com.yash.ytcvm.util.FileHelper  - getPropertiesFromFile ended
[main] INFO  com.yash.ytcvm.serviceimpl.OrderServiceImpl  - processOrder ends
[main] INFO  com.yash.ytcvm.serviceimpl.OrderServiceImpl  - processOrder started
[main] INFO  com.yash.ytcvm.util.FileHelper  - getPropertiesFromFile started
[main] INFO  com.yash.ytcvm.util.FileHelper  - getPropertiesFromFile ends
[main] INFO  com.yash.ytcvm.util.FileHelper  - getPropertiesFromFile ended
[main] INFO  com.yash.ytcvm.serviceimpl.OrderServiceImpl  - processOrder ends
[main] INFO  com.yash.ytcvm.serviceimpl.OrderServiceImpl  - processOrder started
[main] INFO  com.yash.ytcvm.util.FileHelper  - getPropertiesFromFile started
[main] INFO  com.yash.ytcvm.util.FileHelper  - getPropertiesFromFile ends
[main] INFO  com.yash.ytcvm.util.FileHelper  - getPropertiesFromFile ended
[main] INFO  com.yash.ytcvm.serviceimpl.OrderServiceImpl  - processOrder ends
[main] INFO  com.yash.ytcvm.serviceimpl.OrderServiceImpl  - processOrder started
[main] INFO  com.yash.ytcvm.util.FileHelper  - getPropertiesFromFile started
[main] INFO  com.yash.ytcvm.util.FileHelper  - getPropertiesFromFile ends
[main] INFO  com.yash.ytcvm.util.FileHelper  - getPropertiesFromFile ended
[main] INFO  com.yash.ytcvm.serviceimpl.OrderServiceImpl  - processOrder ends
[main] INFO  com.yash.ytcvm.serviceimpl.OrderServiceImpl  - processOrder started
[main] INFO  com.yash.ytcvm.util.FileHelper  - getPropertiesFromFile started
[main] INFO  com.yash.ytcvm.util.FileHelper  - getPropertiesFromFile ends
[main] INFO  com.yash.ytcvm.util.FileHelper  - getPropertiesFromFile ended
[main] INFO  com.yash.ytcvm.serviceimpl.OrderServiceImpl  - processOrder ends
[main] INFO  com.yash.ytcvm.serviceimpl.OrderServiceImpl  - processOrder started
[main] INFO  com.yash.ytcvm.util.FileHelper  - getPropertiesFromFile started
[main] INFO  com.yash.ytcvm.util.FileHelper  - getPropertiesFromFile ends
[main] INFO  com.yash.ytcvm.util.FileHelper  - getPropertiesFromFile ended
[main] INFO  com.yash.ytcvm.serviceimpl.OrderServiceImpl  - processOrder ends
[main] INFO  com.yash.ytcvm.serviceimpl.OrderServiceImpl  - processOrder started
[main] INFO  com.yash.ytcvm.util.FileHelper  - getPropertiesFromFile started
[main] INFO  com.yash.ytcvm.util.FileHelper  - getPropertiesFromFile ends
[main] INFO  com.yash.ytcvm.util.FileHelper  - getPropertiesFromFile ended
[main] INFO  com.yash.ytcvm.serviceimpl.OrderServiceImpl  - processOrder ends
[main] INFO  com.yash.ytcvm.serviceimpl.OrderServiceImpl  - processOrder started
[main] INFO  com.yash.ytcvm.util.FileHelper  - getPropertiesFromFile started
[main] INFO  com.yash.ytcvm.util.FileHelper  - getPropertiesFromFile ends
[main] INFO  com.yash.ytcvm.util.FileHelper  - getPropertiesFromFile ended
[main] INFO  com.yash.ytcvm.serviceimpl.OrderServiceImpl  - processOrder ends
[main] INFO  com.yash.ytcvm.serviceimpl.OrderServiceImpl  - processOrder started
[main] INFO  com.yash.ytcvm.util.FileHelper  - getPropertiesFromFile started
[main] INFO  com.yash.ytcvm.util.FileHelper  - getPropertiesFromFile ends
[main] INFO  com.yash.ytcvm.util.FileHelper  - getPropertiesFromFile ended
[main] INFO  com.yash.ytcvm.serviceimpl.OrderServiceImpl  - processOrder ends
[main] INFO  com.yash.ytcvm.serviceimpl.OrderServiceImpl  - processOrder started
[main] INFO  com.yash.ytcvm.util.FileHelper  - getPropertiesFromFile started
[main] INFO  com.yash.ytcvm.util.FileHelper  - getPropertiesFromFile ends
[main] INFO  com.yash.ytcvm.util.FileHelper  - getPropertiesFromFile ended
[main] INFO  com.yash.ytcvm.serviceimpl.OrderServiceImpl  - processOrder ends
[main] INFO  com.yash.ytcvm.serviceimpl.OrderServiceImpl  - processOrder started
[main] ERROR com.yash.ytcvm.serviceimpl.OrderServiceImpl  - Order is null
[main] INFO  com.yash.ytcvm.serviceimpl.OrderServiceImpl  - processOrder started
[main] INFO  com.yash.ytcvm.util.FileHelper  - getPropertiesFromFile started
[main] INFO  com.yash.ytcvm.util.FileHelper  - getPropertiesFromFile ends
[main] INFO  com.yash.ytcvm.util.FileHelper  - getPropertiesFromFile ended
[main] INFO  com.yash.ytcvm.serviceimpl.OrderServiceImpl  - processOrder ends
[main] INFO  com.yash.ytcvm.serviceimpl.OrderServiceImpl  - processOrder started
[main] INFO  com.yash.ytcvm.serviceimpl.OrderServiceImpl  - processOrder ends
[main] INFO  com.yash.ytcvm.serviceimpl.OrderServiceImpl  - processOrder started
[main] INFO  com.yash.ytcvm.util.FileHelper  - getPropertiesFromFile started
[main] INFO  com.yash.ytcvm.util.FileHelper  - getPropertiesFromFile ends
[main] INFO  com.yash.ytcvm.util.FileHelper  - getPropertiesFromFile ended
[main] INFO  com.yash.ytcvm.serviceimpl.OrderServiceImpl  - processOrder ends
[main] INFO  com.yash.ytcvm.serviceimpl.OrderServiceImpl  - processOrder started
[main] INFO  com.yash.ytcvm.util.FileHelper  - getPropertiesFromFile started
[main] INFO  com.yash.ytcvm.util.FileHelper  - getPropertiesFromFile ends
[main] INFO  com.yash.ytcvm.util.FileHelper  - getPropertiesFromFile ended
[main] INFO  com.yash.ytcvm.serviceimpl.OrderServiceImpl  - processOrder ends
[main] INFO  com.yash.ytcvm.serviceimpl.OrderServiceImpl  - processOrder started
[main] INFO  com.yash.ytcvm.util.FileHelper  - getPropertiesFromFile started
[main] INFO  com.yash.ytcvm.util.FileHelper  - getPropertiesFromFile ends
[main] INFO  com.yash.ytcvm.util.FileHelper  - getPropertiesFromFile ended
[main] INFO  com.yash.ytcvm.serviceimpl.OrderServiceImpl  - processOrder started
[main] INFO  com.yash.ytcvm.util.FileHelper  - getPropertiesFromFile started
[main] INFO  com.yash.ytcvm.util.FileHelper  - getPropertiesFromFile ends
[main] INFO  com.yash.ytcvm.util.FileHelper  - getPropertiesFromFile ended
[main] INFO  com.yash.ytcvm.serviceimpl.OrderServiceImpl  - processOrder started
[main] INFO  com.yash.ytcvm.util.FileHelper  - getPropertiesFromFile started
[main] INFO  com.yash.ytcvm.util.FileHelper  - getPropertiesFromFile ends
[main] INFO  com.yash.ytcvm.util.FileHelper  - getPropertiesFromFile ended
[main] INFO  com.yash.ytcvm.serviceimpl.OrderServiceImpl  - processOrder started
[main] INFO  com.yash.ytcvm.util.FileHelper  - getPropertiesFromFile started
[main] INFO  com.yash.ytcvm.util.FileHelper  - getPropertiesFromFile ends
[main] INFO  com.yash.ytcvm.util.FileHelper  - getPropertiesFromFile ended
[main] INFO  com.yash.ytcvm.serviceimpl.OrderServiceImpl  - processOrder started
[main] INFO  com.yash.ytcvm.util.FileHelper  - getPropertiesFromFile started
[main] INFO  com.yash.ytcvm.util.FileHelper  - getPropertiesFromFile ends
[main] INFO  com.yash.ytcvm.util.FileHelper  - getPropertiesFromFile ended
[main] INFO  com.yash.ytcvm.serviceimpl.OrderServiceImpl  - processOrder started
[main] INFO  com.yash.ytcvm.util.FileHelper  - getPropertiesFromFile started
[main] INFO  com.yash.ytcvm.util.FileHelper  - getPropertiesFromFile ends
[main] INFO  com.yash.ytcvm.util.FileHelper  - getPropertiesFromFile ended
[main] INFO  com.yash.ytcvm.serviceimpl.OrderServiceImpl  - processOrder started
[main] INFO  com.yash.ytcvm.util.FileHelper  - getPropertiesFromFile started
[main] INFO  com.yash.ytcvm.util.FileHelper  - getPropertiesFromFile ends
[main] INFO  com.yash.ytcvm.util.FileHelper  - getPropertiesFromFile ended
[main] INFO  com.yash.ytcvm.serviceimpl.OrderServiceImpl  - processOrder ends
[main] INFO  com.yash.ytcvm.serviceimpl.OrderServiceImpl  - processOrder started
[main] INFO  com.yash.ytcvm.util.FileHelper  - getPropertiesFromFile started
[main] INFO  com.yash.ytcvm.util.FileHelper  - getPropertiesFromFile ends
[main] INFO  com.yash.ytcvm.util.FileHelper  - getPropertiesFromFile ended
[main] INFO  com.yash.ytcvm.serviceimpl.OrderServiceImpl  - processOrder ends
[main] INFO  com.yash.ytcvm.serviceimpl.OrderServiceImpl  - processOrder started
[main] INFO  com.yash.ytcvm.util.FileHelper  - getPropertiesFromFile started
[main] INFO  com.yash.ytcvm.util.FileHelper  - getPropertiesFromFile ends
[main] INFO  com.yash.ytcvm.util.FileHelper  - getPropertiesFromFile ended
[main] INFO  com.yash.ytcvm.serviceimpl.OrderServiceImpl  - processOrder ends
[main] INFO  com.yash.ytcvm.serviceimpl.OrderServiceImpl  - processOrder started
[main] INFO  com.yash.ytcvm.util.FileHelper  - getPropertiesFromFile started
[main] INFO  com.yash.ytcvm.util.FileHelper  - getPropertiesFromFile ends
[main] INFO  com.yash.ytcvm.util.FileHelper  - getPropertiesFromFile ended
[main] INFO  com.yash.ytcvm.serviceimpl.OrderServiceImpl  - processOrder ends
[main] INFO  com.yash.ytcvm.serviceimpl.OrderServiceImpl  - processOrder started
[main] INFO  com.yash.ytcvm.util.FileHelper  - getPropertiesFromFile started
[main] INFO  com.yash.ytcvm.util.FileHelper  - getPropertiesFromFile ends
[main] INFO  com.yash.ytcvm.util.FileHelper  - getPropertiesFromFile ended
[main] INFO  com.yash.ytcvm.serviceimpl.OrderServiceImpl  - processOrder ends
[main] INFO  com.yash.ytcvm.serviceimpl.OrderServiceImpl  - processOrder started
[main] INFO  com.yash.ytcvm.util.FileHelper  - getPropertiesFromFile started
[main] INFO  com.yash.ytcvm.util.FileHelper  - getPropertiesFromFile ends
[main] INFO  com.yash.ytcvm.util.FileHelper  - getPropertiesFromFile ended
[main] INFO  com.yash.ytcvm.serviceimpl.OrderServiceImpl  - processOrder ends
[main] INFO  com.yash.ytcvm.serviceimpl.OrderServiceImpl  - processOrder started
[main] INFO  com.yash.ytcvm.util.FileHelper  - getPropertiesFromFile started
[main] INFO  com.yash.ytcvm.util.FileHelper  - getPropertiesFromFile ends
[main] INFO  com.yash.ytcvm.util.FileHelper  - getPropertiesFromFile ended
[main] INFO  com.yash.ytcvm.serviceimpl.OrderServiceImpl  - processOrder ends
[main] INFO  com.yash.ytcvm.util.FileHelper  - readJsonFile started
[main] INFO  com.yash.ytcvm.serviceimpl.OrderServiceImpl  - processOrder started
[main] INFO  com.yash.ytcvm.util.FileHelper  - getPropertiesFromFile started
[main] INFO  com.yash.ytcvm.util.FileHelper  - getPropertiesFromFile ends
[main] INFO  com.yash.ytcvm.util.FileHelper  - getPropertiesFromFile ended
[main] INFO  com.yash.ytcvm.serviceimpl.OrderServiceImpl  - processOrder ends
[main] INFO  com.yash.ytcvm.serviceimpl.OrderServiceImpl  - processOrder started
[main] ERROR com.yash.ytcvm.serviceimpl.OrderServiceImpl  - Order is null
[main] INFO  com.yash.ytcvm.serviceimpl.OrderServiceImpl  - processOrder started
[main] INFO  com.yash.ytcvm.serviceimpl.OrderServiceImpl  - processOrder ends
[main] INFO  com.yash.ytcvm.serviceimpl.OrderServiceImpl  - processOrder started
[main] INFO  com.yash.ytcvm.serviceimpl.OrderServiceImpl  - processOrder ends
[main] INFO  com.yash.ytcvm.serviceimpl.OrderServiceImpl  - processOrder started
[main] INFO  com.yash.ytcvm.serviceimpl.OrderServiceImpl  - processOrder ends
[main] INFO  com.yash.ytcvm.serviceimpl.OrderServiceImpl  - processOrder started
[main] INFO  com.yash.ytcvm.util.FileHelper  - getPropertiesFromFile started
[main] INFO  com.yash.ytcvm.util.FileHelper  - getPropertiesFromFile ends
[main] INFO  com.yash.ytcvm.util.FileHelper  - getPropertiesFromFile ended
[main] INFO  com.yash.ytcvm.serviceimpl.OrderServiceImpl  - processOrder ends
[main] INFO  com.yash.ytcvm.serviceimpl.OrderServiceImpl  - processOrder started
[main] ERROR com.yash.ytcvm.serviceimpl.OrderServiceImpl  - Order is null
[main] INFO  com.yash.ytcvm.serviceimpl.OrderServiceImpl  - processOrder started
[main] INFO  com.yash.ytcvm.serviceimpl.OrderServiceImpl  - processOrder ends
[main] INFO  com.yash.ytcvm.serviceimpl.OrderServiceImpl  - processOrder started
[main] INFO  com.yash.ytcvm.serviceimpl.OrderServiceImpl  - processOrder ends
[main] INFO  com.yash.ytcvm.serviceimpl.OrderServiceImpl  - processOrder started
[main] INFO  com.yash.ytcvm.serviceimpl.OrderServiceImpl  - processOrder ends
[main] INFO  com.yash.ytcvm.serviceimpl.OrderServiceImpl  - processOrder started
[main] INFO  com.yash.ytcvm.util.FileHelper  - getPropertiesFromFile started
[main] INFO  com.yash.ytcvm.util.FileHelper  - getPropertiesFromFile ends
[main] INFO  com.yash.ytcvm.util.FileHelper  - getPropertiesFromFile ended
[main] INFO  com.yash.ytcvm.serviceimpl.OrderServiceImpl  - processOrder ends
[main] INFO  com.yash.ytcvm.serviceimpl.OrderServiceImpl  - processOrder started
[main] INFO  com.yash.ytcvm.util.FileHelper  - getPropertiesFromFile started
[main] INFO  com.yash.ytcvm.util.FileHelper  - getPropertiesFromFile ends
[main] INFO  com.yash.ytcvm.util.FileHelper  - getPropertiesFromFile ended
[main] INFO  com.yash.ytcvm.serviceimpl.OrderServiceImpl  - processOrder ends
[main] INFO  com.yash.ytcvm.serviceimpl.OrderServiceImpl  - processOrder started
[main] INFO  com.yash.ytcvm.util.FileHelper  - getPropertiesFromFile started
[main] INFO  com.yash.ytcvm.util.FileHelper  - getPropertiesFromFile ends
[main] INFO  com.yash.ytcvm.util.FileHelper  - getPropertiesFromFile ended
[main] INFO  com.yash.ytcvm.serviceimpl.OrderServiceImpl  - processOrder ends
[main] INFO  com.yash.ytcvm.serviceimpl.OrderServiceImpl  - processOrder started
[main] INFO  com.yash.ytcvm.util.FileHelper  - getPropertiesFromFile started
[main] INFO  com.yash.ytcvm.util.FileHelper  - getPropertiesFromFile ends
[main] INFO  com.yash.ytcvm.util.FileHelper  - getPropertiesFromFile ended
[main] INFO  com.yash.ytcvm.serviceimpl.OrderServiceImpl  - processOrder ends
[main] INFO  com.yash.ytcvm.serviceimpl.OrderServiceImpl  - processOrder started
[main] INFO  com.yash.ytcvm.util.FileHelper  - getPropertiesFromFile started
[main] INFO  com.yash.ytcvm.util.FileHelper  - getPropertiesFromFile ends
[main] INFO  com.yash.ytcvm.util.FileHelper  - getPropertiesFromFile ended
[main] INFO  com.yash.ytcvm.serviceimpl.OrderServiceImpl  - processOrder ends
[main] INFO  com.yash.ytcvm.serviceimpl.OrderServiceImpl  - processOrder started
[main] INFO  com.yash.ytcvm.util.FileHelper  - getPropertiesFromFile started
[main] INFO  com.yash.ytcvm.util.FileHelper  - getPropertiesFromFile ends
[main] INFO  com.yash.ytcvm.util.FileHelper  - getPropertiesFromFile ended
[main] INFO  com.yash.ytcvm.serviceimpl.OrderServiceImpl  - processOrder ends
[main] INFO  com.yash.ytcvm.serviceimpl.OrderServiceImpl  - processOrder started
[main] INFO  com.yash.ytcvm.util.FileHelper  - getPropertiesFromFile started
[main] INFO  com.yash.ytcvm.util.FileHelper  - getPropertiesFromFile ends
[main] INFO  com.yash.ytcvm.util.FileHelper  - getPropertiesFromFile ended
[main] INFO  com.yash.ytcvm.serviceimpl.OrderServiceImpl  - processOrder ends
[main] INFO  com.yash.ytcvm.serviceimpl.OrderServiceImpl  - processOrder started
[main] INFO  com.yash.ytcvm.util.FileHelper  - getPropertiesFromFile started
[main] INFO  com.yash.ytcvm.util.FileHelper  - getPropertiesFromFile ends
[main] INFO  com.yash.ytcvm.util.FileHelper  - getPropertiesFromFile ended
[main] INFO  com.yash.ytcvm.serviceimpl.OrderServiceImpl  - processOrder ends
[main] INFO  com.yash.ytcvm.serviceimpl.OrderServiceImpl  - processOrder started
[main] INFO  com.yash.ytcvm.util.FileHelper  - getPropertiesFromFile started
[main] INFO  com.yash.ytcvm.util.FileHelper  - getPropertiesFromFile ends
[main] INFO  com.yash.ytcvm.util.FileHelper  - getPropertiesFromFile ended
[main] INFO  com.yash.ytcvm.serviceimpl.OrderServiceImpl  - processOrder started
[main] INFO  com.yash.ytcvm.serviceimpl.OrderServiceImpl  - processOrder started
[main] INFO  com.yash.ytcvm.serviceimpl.OrderServiceImpl  - processOrder ends
[main] INFO  com.yash.ytcvm.serviceimpl.OrderServiceImpl  - processOrder started
[main] INFO  com.yash.ytcvm.util.FileHelper  - getPropertiesFromFile started
[main] INFO  com.yash.ytcvm.util.FileHelper  - getPropertiesFromFile ends
[main] INFO  com.yash.ytcvm.util.FileHelper  - getPropertiesFromFile ended
[main] INFO  com.yash.ytcvm.serviceimpl.OrderServiceImpl  - processOrder ends
[main] INFO  com.yash.ytcvm.serviceimpl.OrderServiceImpl  - processOrder started
[main] ERROR com.yash.ytcvm.serviceimpl.OrderServiceImpl  - Order is null
[main] INFO  com.yash.ytcvm.serviceimpl.OrderServiceImpl  - processOrder started
[main] INFO  com.yash.ytcvm.serviceimpl.OrderServiceImpl  - processOrder ends
[main] INFO  com.yash.ytcvm.serviceimpl.OrderServiceImpl  - processOrder started
[main] INFO  com.yash.ytcvm.serviceimpl.OrderServiceImpl  - processOrder ends
[main] INFO  com.yash.ytcvm.serviceimpl.OrderServiceImpl  - processOrder started
[main] INFO  com.yash.ytcvm.serviceimpl.OrderServiceImpl  - processOrder ends
[main] INFO  com.yash.ytcvm.serviceimpl.OrderServiceImpl  - processOrder started
[main] INFO  com.yash.ytcvm.serviceimpl.OrderServiceImpl  - processOrder ends
[main] INFO  com.yash.ytcvm.serviceimpl.OrderServiceImpl  - processOrder started
[main] INFO  com.yash.ytcvm.util.FileHelper  - getPropertiesFromFile started
[main] INFO  com.yash.ytcvm.util.FileHelper  - getPropertiesFromFile ends
[main] INFO  com.yash.ytcvm.util.FileHelper  - getPropertiesFromFile ended
[main] INFO  com.yash.ytcvm.serviceimpl.OrderServiceImpl  - processOrder ends
[main] INFO  com.yash.ytcvm.serviceimpl.OrderServiceImpl  - processOrder started
[main] INFO  com.yash.ytcvm.util.FileHelper  - getPropertiesFromFile started
[main] INFO  com.yash.ytcvm.util.FileHelper  - getPropertiesFromFile ends
[main] INFO  com.yash.ytcvm.util.FileHelper  - getPropertiesFromFile ended
[main] INFO  com.yash.ytcvm.serviceimpl.OrderServiceImpl  - processOrder started
[main] INFO  com.yash.ytcvm.serviceimpl.OrderServiceImpl  - processOrder started
[main] INFO  com.yash.ytcvm.serviceimpl.OrderServiceImpl  - processOrder ends
[main] INFO  com.yash.ytcvm.serviceimpl.OrderServiceImpl  - processOrder started
[main] INFO  com.yash.ytcvm.util.FileHelper  - getPropertiesFromFile started
[main] INFO  com.yash.ytcvm.util.FileHelper  - getPropertiesFromFile ends
[main] INFO  com.yash.ytcvm.util.FileHelper  - getPropertiesFromFile ended
[main] INFO  com.yash.ytcvm.serviceimpl.OrderServiceImpl  - processOrder ends
[main] INFO  com.yash.ytcvm.serviceimpl.OrderServiceImpl  - processOrder started
[main] INFO  com.yash.ytcvm.util.FileHelper  - getPropertiesFromFile started
[main] INFO  com.yash.ytcvm.util.FileHelper  - getPropertiesFromFile ends
[main] INFO  com.yash.ytcvm.util.FileHelper  - getPropertiesFromFile ended
[main] INFO  com.yash.ytcvm.serviceimpl.OrderServiceImpl  - processOrder ends
[main] INFO  com.yash.ytcvm.serviceimpl.OrderServiceImpl  - processOrder started
[main] INFO  com.yash.ytcvm.util.FileHelper  - getPropertiesFromFile started
[main] INFO  com.yash.ytcvm.util.FileHelper  - getPropertiesFromFile ends
[main] INFO  com.yash.ytcvm.util.FileHelper  - getPropertiesFromFile ended
[main] INFO  com.yash.ytcvm.serviceimpl.OrderServiceImpl  - processOrder ends
[main] INFO  com.yash.ytcvm.serviceimpl.OrderServiceImpl  - processOrder started
[main] ERROR com.yash.ytcvm.serviceimpl.OrderServiceImpl  - Order is null
[main] INFO  com.yash.ytcvm.serviceimpl.OrderServiceImpl  - processOrder started
[main] INFO  com.yash.ytcvm.serviceimpl.OrderServiceImpl  - processOrder ends
[main] INFO  com.yash.ytcvm.serviceimpl.OrderServiceImpl  - processOrder started
[main] INFO  com.yash.ytcvm.serviceimpl.OrderServiceImpl  - processOrder ends
[main] INFO  com.yash.ytcvm.serviceimpl.OrderServiceImpl  - processOrder started
[main] INFO  com.yash.ytcvm.serviceimpl.OrderServiceImpl  - processOrder ends
[main] INFO  com.yash.ytcvm.serviceimpl.OrderServiceImpl  - processOrder started
[main] INFO  com.yash.ytcvm.serviceimpl.OrderServiceImpl  - processOrder ends
[main] INFO  com.yash.ytcvm.serviceimpl.OrderServiceImpl  - processOrder started
[main] INFO  com.yash.ytcvm.util.FileHelper  - getPropertiesFromFile started
[main] INFO  com.yash.ytcvm.util.FileHelper  - getPropertiesFromFile ends
[main] INFO  com.yash.ytcvm.util.FileHelper  - getPropertiesFromFile ended
[main] INFO  com.yash.ytcvm.serviceimpl.OrderServiceImpl  - processOrder ends
[main] INFO  com.yash.ytcvm.serviceimpl.OrderServiceImpl  - processOrder started
[main] INFO  com.yash.ytcvm.util.FileHelper  - getPropertiesFromFile started
[main] INFO  com.yash.ytcvm.util.FileHelper  - getPropertiesFromFile ends
[main] INFO  com.yash.ytcvm.util.FileHelper  - getPropertiesFromFile ended
[main] INFO  com.yash.ytcvm.serviceimpl.OrderServiceImpl  - processOrder ends
[main] INFO  com.yash.ytcvm.serviceimpl.OrderServiceImpl  - processOrder started
[main] ERROR com.yash.ytcvm.serviceimpl.OrderServiceImpl  - Order is null
[main] INFO  com.yash.ytcvm.serviceimpl.OrderServiceImpl  - processOrder started
[main] INFO  com.yash.ytcvm.serviceimpl.OrderServiceImpl  - processOrder ends
[main] INFO  com.yash.ytcvm.serviceimpl.OrderServiceImpl  - processOrder started
[main] INFO  com.yash.ytcvm.serviceimpl.OrderServiceImpl  - processOrder ends
[main] INFO  com.yash.ytcvm.serviceimpl.OrderServiceImpl  - processOrder started
[main] INFO  com.yash.ytcvm.serviceimpl.OrderServiceImpl  - processOrder ends
[main] INFO  com.yash.ytcvm.serviceimpl.OrderServiceImpl  - processOrder started
[main] INFO  com.yash.ytcvm.serviceimpl.OrderServiceImpl  - processOrder ends
[main] INFO  com.yash.ytcvm.util.FileHelper  - readJsonFile started
[main] INFO  com.yash.ytcvm.util.FileHelper  - getPropertiesFromFile started
[main] INFO  com.yash.ytcvm.util.FileHelper  - readJsonFile started
[main] INFO  com.yash.ytcvm.util.FileHelper  - readJsonFile ends
[main] INFO  com.yash.ytcvm.util.FileHelper  - getPropertiesFromFile started
[main] INFO  com.yash.ytcvm.util.FileHelper  - readJsonFile started
[main] INFO  com.yash.ytcvm.util.FileHelper  - getPropertiesFromFile started
[main] INFO  com.yash.ytcvm.util.FileHelper  - getPropertiesFromFile ends
[main] INFO  com.yash.ytcvm.util.FileHelper  - getPropertiesFromFile ended
[main] INFO  com.yash.ytcvm.serviceimpl.OrderServiceImpl  - processOrder started
[main] INFO  com.yash.ytcvm.util.FileHelper  - getPropertiesFromFile started
[main] INFO  com.yash.ytcvm.util.FileHelper  - getPropertiesFromFile ends
[main] INFO  com.yash.ytcvm.util.FileHelper  - getPropertiesFromFile ended
[main] INFO  com.yash.ytcvm.util.FileHelper  - readJsonFile started
[main] INFO  com.yash.ytcvm.util.FileHelper  - readJsonFile ends
[main] INFO  com.yash.ytcvm.serviceimpl.OrderServiceImpl  - processOrder ends
[main] INFO  com.yash.ytcvm.serviceimpl.OrderServiceImpl  - processOrder started
[main] INFO  com.yash.ytcvm.util.FileHelper  - readJsonFile started
[main] INFO  com.yash.ytcvm.util.FileHelper  - readJsonFile ends
[main] INFO  com.yash.ytcvm.serviceimpl.OrderServiceImpl  - processOrder ends
[main] INFO  com.yash.ytcvm.serviceimpl.OrderServiceImpl  - processOrder started
[main] ERROR com.yash.ytcvm.app.YTCVMApp  - TEAInsufficient
[main] INFO  com.yash.ytcvm.serviceimpl.OrderServiceImpl  - processOrder started
[main] INFO  com.yash.ytcvm.util.FileHelper  - getPropertiesFromFile started
[main] INFO  com.yash.ytcvm.util.FileHelper  - getPropertiesFromFile ends
[main] INFO  com.yash.ytcvm.util.FileHelper  - getPropertiesFromFile ended
[main] INFO  com.yash.ytcvm.util.FileHelper  - readJsonFile started
[main] INFO  com.yash.ytcvm.util.FileHelper  - readJsonFile ends
[main] INFO  com.yash.ytcvm.serviceimpl.OrderServiceImpl  - processOrder ends
[main] INFO  com.yash.ytcvm.serviceimpl.OrderServiceImpl  - processOrder started
[main] INFO  com.yash.ytcvm.util.FileHelper  - getPropertiesFromFile started
[main] INFO  com.yash.ytcvm.util.FileHelper  - getPropertiesFromFile ends
[main] INFO  com.yash.ytcvm.util.FileHelper  - getPropertiesFromFile ended
[main] INFO  com.yash.ytcvm.util.FileHelper  - readJsonFile started
[main] INFO  com.yash.ytcvm.util.FileHelper  - readJsonFile ends
[main] INFO  com.yash.ytcvm.serviceimpl.OrderServiceImpl  - processOrder ends
[main] INFO  com.yash.ytcvm.serviceimpl.OrderServiceImpl  - processOrder started
[main] INFO  com.yash.ytcvm.util.FileHelper  - getPropertiesFromFile started
[main] INFO  com.yash.ytcvm.util.FileHelper  - getPropertiesFromFile ends
[main] INFO  com.yash.ytcvm.util.FileHelper  - getPropertiesFromFile ended
[main] INFO  com.yash.ytcvm.util.FileHelper  - readJsonFile started
[main] INFO  com.yash.ytcvm.util.FileHelper  - readJsonFile ends
[main] INFO  com.yash.ytcvm.serviceimpl.OrderServiceImpl  - processOrder ends
[main] INFO  com.yash.ytcvm.serviceimpl.OrderServiceImpl  - processOrder started
[main] INFO  com.yash.ytcvm.util.FileHelper  - getPropertiesFromFile started
[main] INFO  com.yash.ytcvm.util.FileHelper  - getPropertiesFromFile ends
[main] INFO  com.yash.ytcvm.util.FileHelper  - getPropertiesFromFile ended
[main] INFO  com.yash.ytcvm.util.FileHelper  - readJsonFile started
[main] INFO  com.yash.ytcvm.util.FileHelper  - readJsonFile ends
[main] INFO  com.yash.ytcvm.serviceimpl.OrderServiceImpl  - processOrder ends
[main] INFO  com.yash.ytcvm.serviceimpl.OrderServiceImpl  - processOrder started
[main] INFO  com.yash.ytcvm.util.FileHelper  - getPropertiesFromFile started
[main] INFO  com.yash.ytcvm.util.FileHelper  - getPropertiesFromFile ends
[main] INFO  com.yash.ytcvm.util.FileHelper  - getPropertiesFromFile ended
[main] INFO  com.yash.ytcvm.util.FileHelper  - readJsonFile started
[main] INFO  com.yash.ytcvm.util.FileHelper  - readJsonFile ends
[main] INFO  com.yash.ytcvm.serviceimpl.OrderServiceImpl  - processOrder ends
[main] INFO  com.yash.ytcvm.serviceimpl.OrderServiceImpl  - processOrder started
[main] INFO  com.yash.ytcvm.util.FileHelper  - getPropertiesFromFile started
[main] INFO  com.yash.ytcvm.util.FileHelper  - getPropertiesFromFile ends
[main] INFO  com.yash.ytcvm.util.FileHelper  - getPropertiesFromFile ended
[main] INFO  com.yash.ytcvm.util.FileHelper  - readJsonFile started
[main] INFO  com.yash.ytcvm.util.FileHelper  - readJsonFile ends
[main] INFO  com.yash.ytcvm.serviceimpl.OrderServiceImpl  - processOrder ends
[main] INFO  com.yash.ytcvm.serviceimpl.OrderServiceImpl  - processOrder started
[main] INFO  com.yash.ytcvm.util.FileHelper  - getPropertiesFromFile started
[main] INFO  com.yash.ytcvm.util.FileHelper  - getPropertiesFromFile ends
[main] INFO  com.yash.ytcvm.util.FileHelper  - getPropertiesFromFile ended
[main] INFO  com.yash.ytcvm.util.FileHelper  - readJsonFile started
[main] INFO  com.yash.ytcvm.util.FileHelper  - readJsonFile ends
[main] INFO  com.yash.ytcvm.serviceimpl.OrderServiceImpl  - processOrder ends
[main] ERROR com.yash.ytcvm.app.YTCVMApp  - .\src\main\resources\menu_files\containerRefill.txt not exist
[main] ERROR com.yash.ytcvm.app.YTCVMApp  - Quantity to be fill is more for COFFEE container
[main] INFO  com.yash.ytcvm.serviceimpl.OrderServiceImpl  - processOrder started
[main] INFO  com.yash.ytcvm.util.FileHelper  - getPropertiesFromFile started
[main] INFO  com.yash.ytcvm.util.FileHelper  - getPropertiesFromFile ends
[main] INFO  com.yash.ytcvm.util.FileHelper  - getPropertiesFromFile ended
[main] INFO  com.yash.ytcvm.util.FileHelper  - readJsonFile started
[main] INFO  com.yash.ytcvm.util.FileHelper  - readJsonFile ends
[main] INFO  com.yash.ytcvm.serviceimpl.OrderServiceImpl  - processOrder ends
[main] ERROR com.yash.ytcvm.app.YTCVMApp  - Quantity to be fill is more for COFFEE container
[main] INFO  com.yash.ytcvm.serviceimpl.OrderServiceImpl  - processOrder started
[main] INFO  com.yash.ytcvm.util.FileHelper  - getPropertiesFromFile started
[main] INFO  com.yash.ytcvm.util.FileHelper  - getPropertiesFromFile ends
[main] INFO  com.yash.ytcvm.util.FileHelper  - getPropertiesFromFile ended
[main] INFO  com.yash.ytcvm.util.FileHelper  - readJsonFile started
[main] INFO  com.yash.ytcvm.util.FileHelper  - readJsonFile ends
[main] INFO  com.yash.ytcvm.serviceimpl.OrderServiceImpl  - processOrder ends
[main] INFO  com.yash.ytcvm.util.FileHelper  - readJsonFile started
[main] INFO  com.yash.ytcvm.util.FileHelper  - readJsonFile ends
[main] INFO  com.yash.ytcvm.util.FileHelper  - getPropertiesFromFile started
[main] INFO  com.yash.ytcvm.util.FileHelper  - getPropertiesFromFile ends
[main] INFO  com.yash.ytcvm.util.FileHelper  - getPropertiesFromFile ended
[main] INFO  com.yash.ytcvm.util.FileHelper  - getPropertiesFromFile started
[main] INFO  com.yash.ytcvm.util.FileHelper  - getPropertiesFromFile ends
[main] INFO  com.yash.ytcvm.util.FileHelper  - getPropertiesFromFile ended
[main] INFO  com.yash.ytcvm.util.FileHelper  - getPropertiesFromFile started
[main] INFO  com.yash.ytcvm.util.FileHelper  - getPropertiesFromFile ends
[main] INFO  com.yash.ytcvm.util.FileHelper  - getPropertiesFromFile ended
[main] INFO  com.yash.ytcvm.util.FileHelper  - getPropertiesFromFile started
[main] INFO  com.yash.ytcvm.util.FileHelper  - getPropertiesFromFile ends
[main] INFO  com.yash.ytcvm.util.FileHelper  - getPropertiesFromFile ended
[main] INFO  com.yash.ytcvm.util.FileHelper  - readJsonFile started
[main] INFO  com.yash.ytcvm.util.FileHelper  - readJsonFile ends
[main] INFO  com.yash.ytcvm.util.FileHelper  - getPropertiesFromFile started
[main] INFO  com.yash.ytcvm.util.FileHelper  - getPropertiesFromFile ends
[main] INFO  com.yash.ytcvm.util.FileHelper  - getPropertiesFromFile ended
[main] INFO  com.yash.ytcvm.util.FileHelper  - getPropertiesFromFile started
[main] INFO  com.yash.ytcvm.util.FileHelper  - getPropertiesFromFile ends
[main] INFO  com.yash.ytcvm.util.FileHelper  - getPropertiesFromFile ended
[main] INFO  com.yash.ytcvm.util.FileHelper  - getPropertiesFromFile started
[main] INFO  com.yash.ytcvm.util.FileHelper  - getPropertiesFromFile ends
[main] INFO  com.yash.ytcvm.util.FileHelper  - getPropertiesFromFile ended
[main] INFO  com.yash.ytcvm.util.FileHelper  - getPropertiesFromFile started
[main] INFO  com.yash.ytcvm.util.FileHelper  - getPropertiesFromFile ends
[main] INFO  com.yash.ytcvm.util.FileHelper  - getPropertiesFromFile ended
[main] INFO  com.yash.ytcvm.util.FileHelper  - readJsonFile started
[main] INFO  com.yash.ytcvm.util.FileHelper  - readJsonFile ends
[main] INFO  com.yash.ytcvm.util.FileHelper  - getPropertiesFromFile started
[main] INFO  com.yash.ytcvm.util.FileHelper  - getPropertiesFromFile ends
[main] INFO  com.yash.ytcvm.util.FileHelper  - getPropertiesFromFile ended
[main] INFO  com.yash.ytcvm.util.FileHelper  - getPropertiesFromFile started
[main] INFO  com.yash.ytcvm.util.FileHelper  - getPropertiesFromFile ends
[main] INFO  com.yash.ytcvm.util.FileHelper  - getPropertiesFromFile ended
[main] INFO  com.yash.ytcvm.util.FileHelper  - getPropertiesFromFile started
[main] INFO  com.yash.ytcvm.util.FileHelper  - getPropertiesFromFile ends
[main] INFO  com.yash.ytcvm.util.FileHelper  - getPropertiesFromFile ended
[main] INFO  com.yash.ytcvm.util.FileHelper  - getPropertiesFromFile started
[main] INFO  com.yash.ytcvm.util.FileHelper  - getPropertiesFromFile ends
[main] INFO  com.yash.ytcvm.util.FileHelper  - getPropertiesFromFile ended
[main] INFO  com.yash.ytcvm.util.FileHelper  - readJsonFile started
[main] INFO  com.yash.ytcvm.util.FileHelper  - readJsonFile ends
[main] INFO  com.yash.ytcvm.util.FileHelper  - getPropertiesFromFile started
[main] INFO  com.yash.ytcvm.util.FileHelper  - getPropertiesFromFile ends
[main] INFO  com.yash.ytcvm.util.FileHelper  - getPropertiesFromFile ended
[main] INFO  com.yash.ytcvm.util.FileHelper  - getPropertiesFromFile started
[main] INFO  com.yash.ytcvm.util.FileHelper  - getPropertiesFromFile ends
[main] INFO  com.yash.ytcvm.util.FileHelper  - getPropertiesFromFile ended
[main] INFO  com.yash.ytcvm.util.FileHelper  - getPropertiesFromFile started
[main] INFO  com.yash.ytcvm.util.FileHelper  - getPropertiesFromFile ends
[main] INFO  com.yash.ytcvm.util.FileHelper  - getPropertiesFromFile ended
[main] INFO  com.yash.ytcvm.util.FileHelper  - getPropertiesFromFile started
[main] INFO  com.yash.ytcvm.util.FileHelper  - getPropertiesFromFile ends
[main] INFO  com.yash.ytcvm.util.FileHelper  - getPropertiesFromFile ended
[main] INFO  com.yash.ytcvm.util.FileHelper  - readJsonFile started
[main] INFO  com.yash.ytcvm.util.FileHelper  - readJsonFile ends
[main] INFO  com.yash.ytcvm.util.FileHelper  - getPropertiesFromFile started
[main] INFO  com.yash.ytcvm.util.FileHelper  - getPropertiesFromFile ends
[main] INFO  com.yash.ytcvm.util.FileHelper  - getPropertiesFromFile ended
[main] INFO  com.yash.ytcvm.util.FileHelper  - readJsonFile started
[main] INFO  com.yash.ytcvm.util.FileHelper  - readJsonFile ends
[main] INFO  com.yash.ytcvm.util.FileHelper  - readJsonFile started
[main] INFO  com.yash.ytcvm.util.FileHelper  - readJsonFile ends
[main] ERROR com.yash.ytcvm.app.YTCVMApp  - 
[main] INFO  com.yash.ytcvm.serviceimpl.OrderServiceImpl  - processOrder started
[main] INFO  com.yash.ytcvm.util.FileHelper  - getPropertiesFromFile started
[main] INFO  com.yash.ytcvm.util.FileHelper  - getPropertiesFromFile ends
[main] INFO  com.yash.ytcvm.util.FileHelper  - getPropertiesFromFile ended
[main] INFO  com.yash.ytcvm.util.FileHelper  - readJsonFile started
[main] INFO  com.yash.ytcvm.util.FileHelper  - readJsonFile ends
[main] INFO  com.yash.ytcvm.serviceimpl.OrderServiceImpl  - processOrder ends
[main] INFO  com.yash.ytcvm.util.FileHelper  - readJsonFile started
[main] INFO  com.yash.ytcvm.util.FileHelper  - readJsonFile ends
[main] INFO  com.yash.ytcvm.util.FileHelper  - getPropertiesFromFile started
[main] INFO  com.yash.ytcvm.util.FileHelper  - getPropertiesFromFile ends
[main] INFO  com.yash.ytcvm.util.FileHelper  - getPropertiesFromFile ended
[main] INFO  com.yash.ytcvm.util.FileHelper  - readJsonFile started
[main] INFO  com.yash.ytcvm.util.FileHelper  - readJsonFile ends
[main] INFO  com.yash.ytcvm.util.FileHelper  - getPropertiesFromFile started
[main] INFO  com.yash.ytcvm.util.FileHelper  - getPropertiesFromFile ends
[main] INFO  com.yash.ytcvm.util.FileHelper  - getPropertiesFromFile ended
[main] INFO  com.yash.ytcvm.serviceimpl.OrderServiceImpl  - processOrder started
[main] INFO  com.yash.ytcvm.util.FileHelper  - getPropertiesFromFile started
[main] INFO  com.yash.ytcvm.util.FileHelper  - getPropertiesFromFile ends
[main] INFO  com.yash.ytcvm.util.FileHelper  - getPropertiesFromFile ended
[main] INFO  com.yash.ytcvm.util.FileHelper  - readJsonFile started
[main] INFO  com.yash.ytcvm.util.FileHelper  - readJsonFile ends
[main] INFO  com.yash.ytcvm.serviceimpl.OrderServiceImpl  - processOrder ends
[main] INFO  com.yash.ytcvm.util.FileHelper  - readJsonFile started
[main] INFO  com.yash.ytcvm.util.FileHelper  - readJsonFile ends
[main] ERROR com.yash.ytcvm.app.YTCVMApp  - 
[main] INFO  com.yash.ytcvm.util.FileHelper  - readJsonFile started
[main] INFO  com.yash.ytcvm.util.FileHelper  - readJsonFile ends
[main] INFO  com.yash.ytcvm.util.FileHelper  - readJsonFile started
[main] INFO  com.yash.ytcvm.util.FileHelper  - readJsonFile ends
[main] ERROR com.yash.ytcvm.app.YTCVMApp  - No order has been placed for TEA
[main] INFO  com.yash.ytcvm.serviceimpl.ReportServiceImpl  - getTotalSaleReport started
[main] INFO  com.yash.ytcvm.util.FileHelper  - readJsonFile started
[main] INFO  com.yash.ytcvm.util.FileHelper  - readJsonFile ends
[main] INFO  com.yash.ytcvm.util.FileHelper  - getPropertiesFromFile started
[main] INFO  com.yash.ytcvm.util.FileHelper  - getPropertiesFromFile ends
[main] INFO  com.yash.ytcvm.util.FileHelper  - getPropertiesFromFile ended
[main] INFO  com.yash.ytcvm.util.FileHelper  - getPropertiesFromFile started
[main] INFO  com.yash.ytcvm.util.FileHelper  - getPropertiesFromFile ends
[main] INFO  com.yash.ytcvm.util.FileHelper  - getPropertiesFromFile ended
[main] INFO  com.yash.ytcvm.util.FileHelper  - getPropertiesFromFile started
[main] INFO  com.yash.ytcvm.util.FileHelper  - getPropertiesFromFile ends
[main] INFO  com.yash.ytcvm.util.FileHelper  - getPropertiesFromFile ended
[main] INFO  com.yash.ytcvm.util.FileHelper  - getPropertiesFromFile started
[main] INFO  com.yash.ytcvm.util.FileHelper  - getPropertiesFromFile ends
[main] INFO  com.yash.ytcvm.util.FileHelper  - getPropertiesFromFile ended
[main] INFO  com.yash.ytcvm.serviceimpl.ReportServiceImpl  - getTotalSaleReport ended
[main] INFO  com.yash.ytcvm.serviceimpl.ReportServiceImpl  - getTotalSaleReport started
[main] INFO  com.yash.ytcvm.serviceimpl.ReportServiceImpl  - getTotalSaleReport started
[main] INFO  com.yash.ytcvm.util.FileHelper  - getPropertiesFromFile started
[main] INFO  com.yash.ytcvm.util.FileHelper  - getPropertiesFromFile ends
[main] INFO  com.yash.ytcvm.util.FileHelper  - getPropertiesFromFile ended
[main] INFO  com.yash.ytcvm.util.FileHelper  - getPropertiesFromFile started
[main] INFO  com.yash.ytcvm.util.FileHelper  - getPropertiesFromFile ends
[main] INFO  com.yash.ytcvm.util.FileHelper  - getPropertiesFromFile ended
[main] INFO  com.yash.ytcvm.util.FileHelper  - getPropertiesFromFile started
[main] INFO  com.yash.ytcvm.util.FileHelper  - getPropertiesFromFile ends
[main] INFO  com.yash.ytcvm.util.FileHelper  - getPropertiesFromFile ended
[main] INFO  com.yash.ytcvm.util.FileHelper  - getPropertiesFromFile started
[main] INFO  com.yash.ytcvm.util.FileHelper  - getPropertiesFromFile ends
[main] INFO  com.yash.ytcvm.util.FileHelper  - getPropertiesFromFile ended
[main] INFO  com.yash.ytcvm.serviceimpl.ReportServiceImpl  - getTotalSaleReport ended
[main] INFO  com.yash.ytcvm.serviceimpl.ReportServiceImpl  - getTotalSaleReport started
[main] INFO  com.yash.ytcvm.serviceimpl.ReportServiceImpl  - getDrinkWiseTotalSaleReport started
[main] INFO  com.yash.ytcvm.serviceimpl.ReportServiceImpl  - getDrinkWiseTotalSaleReport started
[main] INFO  com.yash.ytcvm.serviceimpl.ReportServiceImpl  - getTotalSaleReport started
[main] INFO  com.yash.ytcvm.serviceimpl.ReportServiceImpl  - getTotalSaleReport started
[main] INFO  com.yash.ytcvm.serviceimpl.ReportServiceImpl  - getDrinkWiseTotalSaleReport started
[main] INFO  com.yash.ytcvm.serviceimpl.ReportServiceImpl  - getTotalSaleReport started
[main] INFO  com.yash.ytcvm.util.FileHelper  - getPropertiesFromFile started
[main] INFO  com.yash.ytcvm.util.FileHelper  - getPropertiesFromFile ends
[main] INFO  com.yash.ytcvm.util.FileHelper  - getPropertiesFromFile ended
[main] INFO  com.yash.ytcvm.util.FileHelper  - getPropertiesFromFile started
[main] INFO  com.yash.ytcvm.util.FileHelper  - getPropertiesFromFile ends
[main] INFO  com.yash.ytcvm.util.FileHelper  - getPropertiesFromFile ended
[main] INFO  com.yash.ytcvm.util.FileHelper  - getPropertiesFromFile started
[main] INFO  com.yash.ytcvm.util.FileHelper  - getPropertiesFromFile ends
[main] INFO  com.yash.ytcvm.util.FileHelper  - getPropertiesFromFile ended
[main] INFO  com.yash.ytcvm.util.FileHelper  - getPropertiesFromFile started
[main] INFO  com.yash.ytcvm.util.FileHelper  - getPropertiesFromFile ends
[main] INFO  com.yash.ytcvm.util.FileHelper  - getPropertiesFromFile ended
[main] INFO  com.yash.ytcvm.serviceimpl.ReportServiceImpl  - getTotalSaleReport ended
[main] INFO  com.yash.ytcvm.serviceimpl.ReportServiceImpl  - getTotalSaleReport started
[main] INFO  com.yash.ytcvm.util.FileHelper  - getPropertiesFromFile started
[main] INFO  com.yash.ytcvm.util.FileHelper  - getPropertiesFromFile ends
[main] INFO  com.yash.ytcvm.util.FileHelper  - getPropertiesFromFile ended
[main] INFO  com.yash.ytcvm.util.FileHelper  - getPropertiesFromFile started
[main] INFO  com.yash.ytcvm.util.FileHelper  - getPropertiesFromFile ends
[main] INFO  com.yash.ytcvm.util.FileHelper  - getPropertiesFromFile ended
[main] INFO  com.yash.ytcvm.util.FileHelper  - getPropertiesFromFile started
[main] INFO  com.yash.ytcvm.util.FileHelper  - getPropertiesFromFile ends
[main] INFO  com.yash.ytcvm.util.FileHelper  - getPropertiesFromFile ended
[main] INFO  com.yash.ytcvm.util.FileHelper  - getPropertiesFromFile started
[main] INFO  com.yash.ytcvm.util.FileHelper  - getPropertiesFromFile ends
[main] INFO  com.yash.ytcvm.util.FileHelper  - getPropertiesFromFile ended
[main] INFO  com.yash.ytcvm.serviceimpl.ReportServiceImpl  - getTotalSaleReport ended
[main] INFO  com.yash.ytcvm.serviceimpl.ReportServiceImpl  - getTotalSaleReport started
[main] INFO  com.yash.ytcvm.util.FileHelper  - getPropertiesFromFile started
[main] INFO  com.yash.ytcvm.util.FileHelper  - getPropertiesFromFile ends
[main] INFO  com.yash.ytcvm.util.FileHelper  - getPropertiesFromFile ended
[main] INFO  com.yash.ytcvm.util.FileHelper  - getPropertiesFromFile started
[main] INFO  com.yash.ytcvm.util.FileHelper  - getPropertiesFromFile ends
[main] INFO  com.yash.ytcvm.util.FileHelper  - getPropertiesFromFile ended
[main] INFO  com.yash.ytcvm.util.FileHelper  - getPropertiesFromFile started
[main] INFO  com.yash.ytcvm.util.FileHelper  - getPropertiesFromFile ends
[main] INFO  com.yash.ytcvm.util.FileHelper  - getPropertiesFromFile ended
[main] INFO  com.yash.ytcvm.util.FileHelper  - getPropertiesFromFile started
[main] INFO  com.yash.ytcvm.util.FileHelper  - getPropertiesFromFile ends
[main] INFO  com.yash.ytcvm.util.FileHelper  - getPropertiesFromFile ended
[main] INFO  com.yash.ytcvm.serviceimpl.ReportServiceImpl  - getTotalSaleReport ended
[main] INFO  com.yash.ytcvm.serviceimpl.ReportServiceImpl  - getTotalSaleReport started
[main] INFO  com.yash.ytcvm.util.FileHelper  - getPropertiesFromFile started
[main] INFO  com.yash.ytcvm.util.FileHelper  - getPropertiesFromFile ends
[main] INFO  com.yash.ytcvm.util.FileHelper  - getPropertiesFromFile ended
[main] INFO  com.yash.ytcvm.util.FileHelper  - getPropertiesFromFile started
[main] INFO  com.yash.ytcvm.util.FileHelper  - getPropertiesFromFile ends
[main] INFO  com.yash.ytcvm.util.FileHelper  - getPropertiesFromFile ended
[main] INFO  com.yash.ytcvm.util.FileHelper  - getPropertiesFromFile started
[main] INFO  com.yash.ytcvm.util.FileHelper  - getPropertiesFromFile ends
[main] INFO  com.yash.ytcvm.util.FileHelper  - getPropertiesFromFile ended
[main] INFO  com.yash.ytcvm.util.FileHelper  - getPropertiesFromFile started
[main] INFO  com.yash.ytcvm.util.FileHelper  - getPropertiesFromFile ends
[main] INFO  com.yash.ytcvm.util.FileHelper  - getPropertiesFromFile ended
[main] INFO  com.yash.ytcvm.serviceimpl.ReportServiceImpl  - getTotalSaleReport ended
[main] INFO  com.yash.ytcvm.serviceimpl.ReportServiceImpl  - getTotalSaleReport started
[main] INFO  com.yash.ytcvm.util.FileHelper  - readJsonFile started
[main] INFO  com.yash.ytcvm.util.FileHelper  - readJsonFile ends
[main] INFO  com.yash.ytcvm.util.FileHelper  - getPropertiesFromFile started
[main] INFO  com.yash.ytcvm.util.FileHelper  - getPropertiesFromFile ends
[main] INFO  com.yash.ytcvm.util.FileHelper  - getPropertiesFromFile ended
[main] INFO  com.yash.ytcvm.util.FileHelper  - getPropertiesFromFile started
[main] INFO  com.yash.ytcvm.util.FileHelper  - getPropertiesFromFile ends
[main] INFO  com.yash.ytcvm.util.FileHelper  - getPropertiesFromFile ended
[main] INFO  com.yash.ytcvm.util.FileHelper  - getPropertiesFromFile started
[main] INFO  com.yash.ytcvm.util.FileHelper  - getPropertiesFromFile ends
[main] INFO  com.yash.ytcvm.util.FileHelper  - getPropertiesFromFile ended
[main] INFO  com.yash.ytcvm.util.FileHelper  - getPropertiesFromFile started
[main] INFO  com.yash.ytcvm.util.FileHelper  - getPropertiesFromFile ends
[main] INFO  com.yash.ytcvm.util.FileHelper  - getPropertiesFromFile ended
[main] INFO  com.yash.ytcvm.serviceimpl.ReportServiceImpl  - getTotalSaleReport ended
[main] INFO  com.yash.ytcvm.serviceimpl.ReportServiceImpl  - getDrinkWiseTotalSaleReport started
[main] INFO  com.yash.ytcvm.util.FileHelper  - readJsonFile started
[main] INFO  com.yash.ytcvm.util.FileHelper  - readJsonFile ends
[main] INFO  com.yash.ytcvm.util.FileHelper  - getPropertiesFromFile started
[main] INFO  com.yash.ytcvm.util.FileHelper  - getPropertiesFromFile ends
[main] INFO  com.yash.ytcvm.util.FileHelper  - getPropertiesFromFile ended
[main] INFO  com.yash.ytcvm.serviceimpl.ReportServiceImpl  - getDrinkWiseTotalSaleReport ended
[main] INFO  com.yash.ytcvm.serviceimpl.ReportServiceImpl  - getDrinkWiseTotalSaleReport started
[main] INFO  com.yash.ytcvm.util.FileHelper  - getPropertiesFromFile started
[main] INFO  com.yash.ytcvm.util.FileHelper  - getPropertiesFromFile ends
[main] INFO  com.yash.ytcvm.util.FileHelper  - getPropertiesFromFile ended
[main] INFO  com.yash.ytcvm.serviceimpl.ReportServiceImpl  - getDrinkWiseTotalSaleReport ended
[main] INFO  com.yash.ytcvm.serviceimpl.ReportServiceImpl  - getDrinkWiseTotalSaleReport started
[main] INFO  com.yash.ytcvm.util.FileHelper  - getPropertiesFromFile started
[main] INFO  com.yash.ytcvm.util.FileHelper  - getPropertiesFromFile ends
[main] INFO  com.yash.ytcvm.util.FileHelper  - getPropertiesFromFile ended
[main] INFO  com.yash.ytcvm.serviceimpl.ReportServiceImpl  - getDrinkWiseTotalSaleReport ended
[main] INFO  com.yash.ytcvm.serviceimpl.ReportServiceImpl  - getDrinkWiseTotalSaleReport started
[main] INFO  com.yash.ytcvm.util.FileHelper  - getPropertiesFromFile started
[main] INFO  com.yash.ytcvm.util.FileHelper  - getPropertiesFromFile ends
[main] INFO  com.yash.ytcvm.util.FileHelper  - getPropertiesFromFile ended
[main] INFO  com.yash.ytcvm.serviceimpl.ReportServiceImpl  - getDrinkWiseTotalSaleReport ended
[main] INFO  com.yash.ytcvm.serviceimpl.ReportServiceImpl  - getTotalSaleReport started
[main] INFO  com.yash.ytcvm.util.FileHelper  - readJsonFile started
[main] INFO  com.yash.ytcvm.util.FileHelper  - readJsonFile ends
[main] INFO  com.yash.ytcvm.util.FileHelper  - getPropertiesFromFile started
[main] INFO  com.yash.ytcvm.util.FileHelper  - getPropertiesFromFile ends
[main] INFO  com.yash.ytcvm.util.FileHelper  - getPropertiesFromFile ended
[main] INFO  com.yash.ytcvm.util.FileHelper  - getPropertiesFromFile started
[main] INFO  com.yash.ytcvm.util.FileHelper  - getPropertiesFromFile ends
[main] INFO  com.yash.ytcvm.util.FileHelper  - getPropertiesFromFile ended
[main] INFO  com.yash.ytcvm.util.FileHelper  - getPropertiesFromFile started
[main] INFO  com.yash.ytcvm.util.FileHelper  - getPropertiesFromFile ends
[main] INFO  com.yash.ytcvm.util.FileHelper  - getPropertiesFromFile ended
[main] INFO  com.yash.ytcvm.util.FileHelper  - getPropertiesFromFile started
[main] INFO  com.yash.ytcvm.util.FileHelper  - getPropertiesFromFile ends
[main] INFO  com.yash.ytcvm.util.FileHelper  - getPropertiesFromFile ended
[main] INFO  com.yash.ytcvm.serviceimpl.ReportServiceImpl  - getTotalSaleReport ended
[main] INFO  com.yash.ytcvm.serviceimpl.ReportServiceImpl  - getTotalSaleReport started
[main] INFO  com.yash.ytcvm.util.FileHelper  - readJsonFile started
[main] INFO  com.yash.ytcvm.util.FileHelper  - readJsonFile ends
[main] INFO  com.yash.ytcvm.util.FileHelper  - getPropertiesFromFile started
[main] INFO  com.yash.ytcvm.util.FileHelper  - getPropertiesFromFile ends
[main] INFO  com.yash.ytcvm.util.FileHelper  - getPropertiesFromFile ended
[main] INFO  com.yash.ytcvm.util.FileHelper  - getPropertiesFromFile started
[main] INFO  com.yash.ytcvm.util.FileHelper  - getPropertiesFromFile ends
[main] INFO  com.yash.ytcvm.util.FileHelper  - getPropertiesFromFile ended
[main] INFO  com.yash.ytcvm.util.FileHelper  - getPropertiesFromFile started
[main] INFO  com.yash.ytcvm.util.FileHelper  - getPropertiesFromFile ends
[main] INFO  com.yash.ytcvm.util.FileHelper  - getPropertiesFromFile ended
[main] INFO  com.yash.ytcvm.util.FileHelper  - getPropertiesFromFile started
[main] INFO  com.yash.ytcvm.util.FileHelper  - getPropertiesFromFile ends
[main] INFO  com.yash.ytcvm.util.FileHelper  - getPropertiesFromFile ended
[main] INFO  com.yash.ytcvm.serviceimpl.ReportServiceImpl  - getTotalSaleReport ended
[main] INFO  com.yash.ytcvm.app.YTCVMApp  - launchApp started
[main] INFO  com.yash.ytcvm.serviceimpl.OrderServiceImpl  - processOrder started
[main] INFO  com.yash.ytcvm.util.FileHelper  - getPropertiesFromFile started
[main] INFO  com.yash.ytcvm.util.FileHelper  - getPropertiesFromFile ends
[main] INFO  com.yash.ytcvm.util.FileHelper  - getPropertiesFromFile ended
[main] INFO  com.yash.ytcvm.daoimpl.OrderDAOImpl  - insertOrder started
[main] INFO  com.yash.ytcvm.daoimpl.OrderDAOImpl  - getAllOrders started
[main] INFO  com.yash.ytcvm.util.FileHelper  - readJsonFile started
[main] INFO  com.yash.ytcvm.util.FileHelper  - readJsonFile ends
[main] INFO  com.yash.ytcvm.daoimpl.OrderDAOImpl  - getAllOrders ended
[main] INFO  com.yash.ytcvm.daoimpl.OrderDAOImpl  - insertOrder ended
[main] INFO  com.yash.ytcvm.serviceimpl.OrderServiceImpl  - processOrder ends
[main] INFO  com.yash.ytcvm.serviceimpl.ReportServiceImpl  - getContainerStatus started
[main] INFO  com.yash.ytcvm.serviceimpl.ReportServiceImpl  - getContainerStatus ended
[main] INFO  com.yash.ytcvm.app.YTCVMApp  - launchApp ended
[main] INFO  com.yash.ytcvm.app.YTCVMApp  - launchApp started
[main] INFO  com.yash.ytcvm.app.YTCVMApp  - processReportRequest started
[main] INFO  com.yash.ytcvm.serviceimpl.ReportServiceImpl  - getTotalSaleReport started
[main] INFO  com.yash.ytcvm.daoimpl.OrderDAOImpl  - getAllOrders started
[main] INFO  com.yash.ytcvm.util.FileHelper  - readJsonFile started
[main] INFO  com.yash.ytcvm.util.FileHelper  - readJsonFile ends
[main] INFO  com.yash.ytcvm.daoimpl.OrderDAOImpl  - getAllOrders ended
[main] INFO  com.yash.ytcvm.util.FileHelper  - getPropertiesFromFile started
[main] INFO  com.yash.ytcvm.util.FileHelper  - getPropertiesFromFile ends
[main] INFO  com.yash.ytcvm.util.FileHelper  - getPropertiesFromFile ended
[main] INFO  com.yash.ytcvm.util.FileHelper  - getPropertiesFromFile started
[main] INFO  com.yash.ytcvm.util.FileHelper  - getPropertiesFromFile ends
[main] INFO  com.yash.ytcvm.util.FileHelper  - getPropertiesFromFile ended
[main] INFO  com.yash.ytcvm.util.FileHelper  - getPropertiesFromFile started
[main] INFO  com.yash.ytcvm.util.FileHelper  - getPropertiesFromFile ends
[main] INFO  com.yash.ytcvm.util.FileHelper  - getPropertiesFromFile ended
[main] INFO  com.yash.ytcvm.util.FileHelper  - getPropertiesFromFile started
[main] INFO  com.yash.ytcvm.util.FileHelper  - getPropertiesFromFile ends
[main] INFO  com.yash.ytcvm.util.FileHelper  - getPropertiesFromFile ended
[main] INFO  com.yash.ytcvm.serviceimpl.ReportServiceImpl  - getTotalSaleReport ended
[main] INFO  com.yash.ytcvm.app.YTCVMApp  - processReportRequest ended
[main] INFO  com.yash.ytcvm.app.YTCVMApp  - launchApp started
[main] INFO  com.yash.ytcvm.app.YTCVMApp  - generateDrinkWiseReport started
[main] ERROR com.yash.ytcvm.app.YTCVMApp  - Quantity to be fill is more than coffee container capacity, max required :0
[main] INFO  com.yash.ytcvm.app.YTCVMApp  - generateDrinkWiseReport started
[main] ERROR com.yash.ytcvm.app.YTCVMApp  - Quantity to be fill is more than coffee container capacity, max required :0
[main] INFO  com.yash.ytcvm.app.YTCVMApp  - launchApp started
[main] INFO  com.yash.ytcvm.serviceimpl.OrderServiceImpl  - processOrder started
[main] INFO  com.yash.ytcvm.util.FileHelper  - getPropertiesFromFile started
[main] INFO  com.yash.ytcvm.util.FileHelper  - getPropertiesFromFile ends
[main] INFO  com.yash.ytcvm.util.FileHelper  - getPropertiesFromFile ended
[main] INFO  com.yash.ytcvm.daoimpl.OrderDAOImpl  - insertOrder started
[main] INFO  com.yash.ytcvm.daoimpl.OrderDAOImpl  - getAllOrders started
[main] INFO  com.yash.ytcvm.util.FileHelper  - readJsonFile started
[main] INFO  com.yash.ytcvm.util.FileHelper  - readJsonFile ends
[main] INFO  com.yash.ytcvm.daoimpl.OrderDAOImpl  - getAllOrders ended
[main] INFO  com.yash.ytcvm.daoimpl.OrderDAOImpl  - insertOrder ended
[main] INFO  com.yash.ytcvm.serviceimpl.OrderServiceImpl  - processOrder ends
[main] INFO  com.yash.ytcvm.serviceimpl.ReportServiceImpl  - getContainerStatus started
[main] INFO  com.yash.ytcvm.serviceimpl.ReportServiceImpl  - getContainerStatus ended
[main] INFO  com.yash.ytcvm.app.YTCVMApp  - launchApp started
[main] INFO  com.yash.ytcvm.serviceimpl.OrderServiceImpl  - processOrder started
[main] INFO  com.yash.ytcvm.util.FileHelper  - getPropertiesFromFile started
[main] INFO  com.yash.ytcvm.util.FileHelper  - getPropertiesFromFile ends
[main] INFO  com.yash.ytcvm.util.FileHelper  - getPropertiesFromFile ended
[main] INFO  com.yash.ytcvm.daoimpl.OrderDAOImpl  - insertOrder started
[main] INFO  com.yash.ytcvm.daoimpl.OrderDAOImpl  - getAllOrders started
[main] INFO  com.yash.ytcvm.util.FileHelper  - readJsonFile started
[main] INFO  com.yash.ytcvm.util.FileHelper  - readJsonFile ends
[main] INFO  com.yash.ytcvm.daoimpl.OrderDAOImpl  - getAllOrders ended
[main] INFO  com.yash.ytcvm.daoimpl.OrderDAOImpl  - insertOrder ended
[main] INFO  com.yash.ytcvm.serviceimpl.OrderServiceImpl  - processOrder ends
[main] INFO  com.yash.ytcvm.serviceimpl.OrderServiceImpl  - processOrder started
[main] INFO  com.yash.ytcvm.daoimpl.OrderDAOImpl  - insertOrder started
[main] INFO  com.yash.ytcvm.daoimpl.OrderDAOImpl  - getAllOrders started
[main] INFO  com.yash.ytcvm.util.FileHelper  - readJsonFile started
[main] INFO  com.yash.ytcvm.util.FileHelper  - readJsonFile ends
[main] INFO  com.yash.ytcvm.daoimpl.OrderDAOImpl  - getAllOrders ended
[main] INFO  com.yash.ytcvm.daoimpl.OrderDAOImpl  - insertOrder ended
[main] INFO  com.yash.ytcvm.serviceimpl.OrderServiceImpl  - processOrder ends
[main] INFO  com.yash.ytcvm.app.YTCVMApp  - launchApp started
[main] INFO  com.yash.ytcvm.serviceimpl.OrderServiceImpl  - processOrder started
[main] INFO  com.yash.ytcvm.util.FileHelper  - getPropertiesFromFile started
[main] INFO  com.yash.ytcvm.util.FileHelper  - getPropertiesFromFile ends
[main] INFO  com.yash.ytcvm.util.FileHelper  - getPropertiesFromFile ended
[main] INFO  com.yash.ytcvm.daoimpl.OrderDAOImpl  - insertOrder started
[main] INFO  com.yash.ytcvm.daoimpl.OrderDAOImpl  - getAllOrders started
[main] INFO  com.yash.ytcvm.util.FileHelper  - readJsonFile started
[main] INFO  com.yash.ytcvm.util.FileHelper  - readJsonFile ends
[main] INFO  com.yash.ytcvm.daoimpl.OrderDAOImpl  - getAllOrders ended
[main] INFO  com.yash.ytcvm.daoimpl.OrderDAOImpl  - insertOrder ended
[main] INFO  com.yash.ytcvm.serviceimpl.OrderServiceImpl  - processOrder ends
[main] INFO  com.yash.ytcvm.serviceimpl.ReportServiceImpl  - getContainerStatus started
[main] INFO  com.yash.ytcvm.serviceimpl.ReportServiceImpl  - getContainerStatus ended
[main] INFO  com.yash.ytcvm.serviceimpl.OrderServiceImpl  - processOrder started
[main] INFO  com.yash.ytcvm.util.FileHelper  - getPropertiesFromFile started
[main] INFO  com.yash.ytcvm.util.FileHelper  - getPropertiesFromFile ends
[main] INFO  com.yash.ytcvm.util.FileHelper  - getPropertiesFromFile ended
[main] ERROR com.yash.ytcvm.app.YTCVMApp  - TEAInsufficient
[main] INFO  com.yash.ytcvm.app.YTCVMApp  - processReportRequest started
[main] INFO  com.yash.ytcvm.app.YTCVMApp  - generateDrinkWiseReport started
[main] INFO  com.yash.ytcvm.serviceimpl.ReportServiceImpl  - getDrinkWiseTotalSaleReport started
[main] INFO  com.yash.ytcvm.daoimpl.OrderDAOImpl  - getAllOrders started
[main] INFO  com.yash.ytcvm.util.FileHelper  - readJsonFile started
[main] INFO  com.yash.ytcvm.util.FileHelper  - readJsonFile ends
[main] INFO  com.yash.ytcvm.daoimpl.OrderDAOImpl  - getAllOrders ended
[main] ERROR com.yash.ytcvm.app.YTCVMApp  - No order has been placed for BLACK_TEA
[main] INFO  com.yash.ytcvm.app.YTCVMApp  - processReportRequest started
[main] INFO  com.yash.ytcvm.serviceimpl.ReportServiceImpl  - getTotalSaleReport started
[main] INFO  com.yash.ytcvm.daoimpl.OrderDAOImpl  - getAllOrders started
[main] INFO  com.yash.ytcvm.util.FileHelper  - readJsonFile started
[main] INFO  com.yash.ytcvm.util.FileHelper  - readJsonFile ends
[main] INFO  com.yash.ytcvm.daoimpl.OrderDAOImpl  - getAllOrders ended
[main] INFO  com.yash.ytcvm.util.FileHelper  - getPropertiesFromFile started
[main] INFO  com.yash.ytcvm.util.FileHelper  - getPropertiesFromFile ends
[main] INFO  com.yash.ytcvm.util.FileHelper  - getPropertiesFromFile ended
[main] INFO  com.yash.ytcvm.util.FileHelper  - getPropertiesFromFile started
[main] INFO  com.yash.ytcvm.util.FileHelper  - getPropertiesFromFile ends
[main] INFO  com.yash.ytcvm.util.FileHelper  - getPropertiesFromFile ended
[main] INFO  com.yash.ytcvm.util.FileHelper  - getPropertiesFromFile started
[main] INFO  com.yash.ytcvm.util.FileHelper  - getPropertiesFromFile ends
[main] INFO  com.yash.ytcvm.util.FileHelper  - getPropertiesFromFile ended
[main] INFO  com.yash.ytcvm.util.FileHelper  - getPropertiesFromFile started
[main] INFO  com.yash.ytcvm.util.FileHelper  - getPropertiesFromFile ends
[main] INFO  com.yash.ytcvm.util.FileHelper  - getPropertiesFromFile ended
[main] INFO  com.yash.ytcvm.serviceimpl.ReportServiceImpl  - getTotalSaleReport ended
